[0.745s] Invoking command in '/home/orjan/lab1_ws/src/AIS2105_lab1/pid_controller': DEBUGINFOD_URLS=https://debuginfod.ubuntu.com PYTHONPATH=/home/orjan/lab1_ws/src/AIS2105_lab1/build/pid_controller/prefix_override:/usr/lib/python3/dist-packages/colcon_core/task/python/colcon_distutils_commands:/home/orjan/lab1_ws/src/AIS2105_lab1/install/pid_controller/lib/python3.12/site-packages:${PYTHONPATH} /usr/bin/python3 -W ignore:setup.py install is deprecated -W ignore:easy_install command is deprecated setup.py egg_info --egg-base ../build/pid_controller build --build-base /home/orjan/lab1_ws/src/AIS2105_lab1/build/pid_controller/build install --record /home/orjan/lab1_ws/src/AIS2105_lab1/build/pid_controller/install.log --single-version-externally-managed install_data
[0.996s] running egg_info
[0.996s] creating ../build/pid_controller/pid_controller.egg-info
[1.017s] writing ../build/pid_controller/pid_controller.egg-info/PKG-INFO
[1.017s] writing dependency_links to ../build/pid_controller/pid_controller.egg-info/dependency_links.txt
[1.017s] writing entry points to ../build/pid_controller/pid_controller.egg-info/entry_points.txt
[1.018s] writing requirements to ../build/pid_controller/pid_controller.egg-info/requires.txt
[1.018s] writing top-level names to ../build/pid_controller/pid_controller.egg-info/top_level.txt
[1.018s] writing manifest file '../build/pid_controller/pid_controller.egg-info/SOURCES.txt'
[1.057s] reading manifest file '../build/pid_controller/pid_controller.egg-info/SOURCES.txt'
[1.058s] writing manifest file '../build/pid_controller/pid_controller.egg-info/SOURCES.txt'
[1.058s] running build
[1.058s] running build_py
[1.058s] creating /home/orjan/lab1_ws/src/AIS2105_lab1/build/pid_controller/build
[1.058s] creating /home/orjan/lab1_ws/src/AIS2105_lab1/build/pid_controller/build/lib
[1.058s] creating /home/orjan/lab1_ws/src/AIS2105_lab1/build/pid_controller/build/lib/pid_controller
[1.059s] copying pid_controller/pid_controller_node.py -> /home/orjan/lab1_ws/src/AIS2105_lab1/build/pid_controller/build/lib/pid_controller
[1.059s] copying pid_controller/__init__.py -> /home/orjan/lab1_ws/src/AIS2105_lab1/build/pid_controller/build/lib/pid_controller
[1.059s] running install
[1.064s] running install_lib
[1.086s] creating /home/orjan/lab1_ws/src/AIS2105_lab1/install/pid_controller/lib/python3.12/site-packages/pid_controller
[1.086s] copying /home/orjan/lab1_ws/src/AIS2105_lab1/build/pid_controller/build/lib/pid_controller/pid_controller_node.py -> /home/orjan/lab1_ws/src/AIS2105_lab1/install/pid_controller/lib/python3.12/site-packages/pid_controller
[1.086s] copying /home/orjan/lab1_ws/src/AIS2105_lab1/build/pid_controller/build/lib/pid_controller/__init__.py -> /home/orjan/lab1_ws/src/AIS2105_lab1/install/pid_controller/lib/python3.12/site-packages/pid_controller
[1.087s] byte-compiling /home/orjan/lab1_ws/src/AIS2105_lab1/install/pid_controller/lib/python3.12/site-packages/pid_controller/pid_controller_node.py to pid_controller_node.cpython-312.pyc
[1.088s] byte-compiling /home/orjan/lab1_ws/src/AIS2105_lab1/install/pid_controller/lib/python3.12/site-packages/pid_controller/__init__.py to __init__.cpython-312.pyc
[1.088s] running install_data
[1.088s] creating /home/orjan/lab1_ws/src/AIS2105_lab1/install/pid_controller/share/ament_index
[1.088s] creating /home/orjan/lab1_ws/src/AIS2105_lab1/install/pid_controller/share/ament_index/resource_index
[1.088s] creating /home/orjan/lab1_ws/src/AIS2105_lab1/install/pid_controller/share/ament_index/resource_index/packages
[1.088s] copying resource/pid_controller -> /home/orjan/lab1_ws/src/AIS2105_lab1/install/pid_controller/share/ament_index/resource_index/packages
[1.088s] copying package.xml -> /home/orjan/lab1_ws/src/AIS2105_lab1/install/pid_controller/share/pid_controller
[1.088s] running install_egg_info
[1.110s] Copying ../build/pid_controller/pid_controller.egg-info to /home/orjan/lab1_ws/src/AIS2105_lab1/install/pid_controller/lib/python3.12/site-packages/pid_controller-0.0.0-py3.12.egg-info
[1.111s] running install_scripts
[1.243s] Installing pid_controller_node script to /home/orjan/lab1_ws/src/AIS2105_lab1/install/pid_controller/lib/pid_controller
[1.243s] writing list of installed files to '/home/orjan/lab1_ws/src/AIS2105_lab1/build/pid_controller/install.log'
[1.264s] Invoked command in '/home/orjan/lab1_ws/src/AIS2105_lab1/pid_controller' returned '0': DEBUGINFOD_URLS=https://debuginfod.ubuntu.com PYTHONPATH=/home/orjan/lab1_ws/src/AIS2105_lab1/build/pid_controller/prefix_override:/usr/lib/python3/dist-packages/colcon_core/task/python/colcon_distutils_commands:/home/orjan/lab1_ws/src/AIS2105_lab1/install/pid_controller/lib/python3.12/site-packages:${PYTHONPATH} /usr/bin/python3 -W ignore:setup.py install is deprecated -W ignore:easy_install command is deprecated setup.py egg_info --egg-base ../build/pid_controller build --build-base /home/orjan/lab1_ws/src/AIS2105_lab1/build/pid_controller/build install --record /home/orjan/lab1_ws/src/AIS2105_lab1/build/pid_controller/install.log --single-version-externally-managed install_data
